<?xml version="1.0" encoding="UTF-8"?>
<robot generator="Robot 4.1 (Python 3.9.6 on win32)" generated="20210827 16:33:58.393" rpa="false" schemaversion="2">
<suite id="s1" name="Login Form" source="c:\qaninja\robot\web\tests\login_form.robot">
<test id="s1-t1" name="Login com sucesso">
<kw name="Nova Sessão" library="base" type="SETUP">
<kw name="Open Browser" library="SeleniumLibrary">
<arg>${url}</arg>
<arg>firefox</arg>
<doc>Opens a new browser instance to the optional ``url``.</doc>
<msg timestamp="20210827 16:33:58.894" level="INFO">Opening browser 'firefox' to base url 'https://training-wheels-protocol.herokuapp.com/'.</msg>
<msg timestamp="20210827 16:33:58.903" level="INFO">Firefox driver log is always forced to to: c:\qaninja\robot\web\log\geckodriver-31.log</msg>
<status status="PASS" starttime="20210827 16:33:58.894" endtime="20210827 16:34:17.447"/>
</kw>
<status status="PASS" starttime="20210827 16:33:58.894" endtime="20210827 16:34:17.447"/>
</kw>
<kw name="Go To" library="SeleniumLibrary">
<arg>${url}/login</arg>
<doc>Navigates the current browser window to the provided ``url``.</doc>
<msg timestamp="20210827 16:34:17.467" level="INFO">Opening url 'https://training-wheels-protocol.herokuapp.com//login'</msg>
<status status="PASS" starttime="20210827 16:34:17.467" endtime="20210827 16:34:18.523"/>
</kw>
<kw name="Login With">
<arg>stark</arg>
<arg>jarvis!</arg>
<kw name="Input Text" library="SeleniumLibrary">
<arg>css:input[name=username]</arg>
<arg>${uname}</arg>
<doc>Types the given ``text`` into the text field identified by ``locator``.</doc>
<msg timestamp="20210827 16:34:18.542" level="INFO">Typing text 'stark' into text field 'css:input[name=username]'.</msg>
<status status="PASS" starttime="20210827 16:34:18.540" endtime="20210827 16:34:18.634"/>
</kw>
<kw name="Input Text" library="SeleniumLibrary">
<arg>css:input[name=password]</arg>
<arg>${pass}</arg>
<doc>Types the given ``text`` into the text field identified by ``locator``.</doc>
<msg timestamp="20210827 16:34:18.637" level="INFO">Typing text 'jarvis!' into text field 'css:input[name=password]'.</msg>
<status status="PASS" starttime="20210827 16:34:18.634" endtime="20210827 16:34:18.676"/>
</kw>
<kw name="Click Element" library="SeleniumLibrary">
<arg>class:btn-login</arg>
<doc>Click the element identified by ``locator``.</doc>
<msg timestamp="20210827 16:34:18.676" level="INFO">Clicking element 'class:btn-login'.</msg>
<status status="PASS" starttime="20210827 16:34:18.676" endtime="20210827 16:34:19.783"/>
</kw>
<status status="PASS" starttime="20210827 16:34:18.537" endtime="20210827 16:34:19.784"/>
</kw>
<kw name="Page Should Contain" library="SeleniumLibrary">
<arg>Tony Stark</arg>
<doc>Verifies that current page contains ``text``.</doc>
<msg timestamp="20210827 16:34:19.833" level="INFO">Current page contains text 'Tony Stark'.</msg>
<status status="PASS" starttime="20210827 16:34:19.813" endtime="20210827 16:34:19.835"/>
</kw>
<kw name="Encerra sessão" library="base" type="TEARDOWN">
<kw name="Capture Page Screenshot" library="SeleniumLibrary">
<doc>Takes a screenshot of the current page and embeds it into a log file.</doc>
<msg timestamp="20210827 16:34:20.780" level="INFO" html="true">&lt;/td&gt;&lt;/tr&gt;&lt;tr&gt;&lt;td colspan="3"&gt;&lt;a href="selenium-screenshot-33.png"&gt;&lt;img src="selenium-screenshot-33.png" width="800px"&gt;&lt;/a&gt;</msg>
<status status="PASS" starttime="20210827 16:34:19.847" endtime="20210827 16:34:20.780"/>
</kw>
<kw name="Close Browser" library="SeleniumLibrary">
<doc>Closes the current browser.</doc>
<status status="PASS" starttime="20210827 16:34:20.780" endtime="20210827 16:34:25.154"/>
</kw>
<status status="PASS" starttime="20210827 16:34:19.847" endtime="20210827 16:34:25.154"/>
</kw>
<status status="PASS" starttime="20210827 16:33:58.894" endtime="20210827 16:34:25.154"/>
</test>
<test id="s1-t2" name="Senha inválida">
<kw name="Nova Sessão" library="base" type="SETUP">
<kw name="Open Browser" library="SeleniumLibrary">
<arg>${url}</arg>
<arg>firefox</arg>
<doc>Opens a new browser instance to the optional ``url``.</doc>
<msg timestamp="20210827 16:34:25.162" level="INFO">Opening browser 'firefox' to base url 'https://training-wheels-protocol.herokuapp.com/'.</msg>
<msg timestamp="20210827 16:34:25.175" level="INFO">Firefox driver log is always forced to to: c:\qaninja\robot\web\log\geckodriver-32.log</msg>
<status status="PASS" starttime="20210827 16:34:25.162" endtime="20210827 16:34:45.269"/>
</kw>
<status status="PASS" starttime="20210827 16:34:25.162" endtime="20210827 16:34:45.269"/>
</kw>
<kw name="Go To" library="SeleniumLibrary">
<arg>${url}/login</arg>
<doc>Navigates the current browser window to the provided ``url``.</doc>
<msg timestamp="20210827 16:34:45.293" level="INFO">Opening url 'https://training-wheels-protocol.herokuapp.com//login'</msg>
<status status="PASS" starttime="20210827 16:34:45.293" endtime="20210827 16:34:46.777"/>
</kw>
<kw name="Login With">
<arg>stark</arg>
<arg>acb123</arg>
<kw name="Input Text" library="SeleniumLibrary">
<arg>css:input[name=username]</arg>
<arg>${uname}</arg>
<doc>Types the given ``text`` into the text field identified by ``locator``.</doc>
<msg timestamp="20210827 16:34:46.785" level="INFO">Typing text 'stark' into text field 'css:input[name=username]'.</msg>
<status status="PASS" starttime="20210827 16:34:46.785" endtime="20210827 16:34:46.909"/>
</kw>
<kw name="Input Text" library="SeleniumLibrary">
<arg>css:input[name=password]</arg>
<arg>${pass}</arg>
<doc>Types the given ``text`` into the text field identified by ``locator``.</doc>
<msg timestamp="20210827 16:34:46.915" level="INFO">Typing text 'acb123' into text field 'css:input[name=password]'.</msg>
<status status="PASS" starttime="20210827 16:34:46.912" endtime="20210827 16:34:46.959"/>
</kw>
<kw name="Click Element" library="SeleniumLibrary">
<arg>class:btn-login</arg>
<doc>Click the element identified by ``locator``.</doc>
<msg timestamp="20210827 16:34:46.963" level="INFO">Clicking element 'class:btn-login'.</msg>
<status status="PASS" starttime="20210827 16:34:46.959" endtime="20210827 16:34:48.157"/>
</kw>
<status status="PASS" starttime="20210827 16:34:46.784" endtime="20210827 16:34:48.161"/>
</kw>
<kw name="Get WebElement" library="SeleniumLibrary">
<var>${message}</var>
<arg>id:flash</arg>
<doc>Returns the first WebElement matching the given ``locator``.</doc>
<msg timestamp="20210827 16:34:48.206" level="INFO">${message} = &lt;selenium.webdriver.firefox.webelement.FirefoxWebElement (session="1f9cb7b7-8e54-43c7-8019-20f09c2adea0", element="21b489de-d0ee-4b4b-a7e2-245fdd15fec4")&gt;</msg>
<status status="PASS" starttime="20210827 16:34:48.202" endtime="20210827 16:34:48.206"/>
</kw>
<kw name="Should Contain" library="BuiltIn">
<arg>${message.text}</arg>
<arg>Senha é invalida!</arg>
<doc>Fails if ``container`` does not contain ``item`` one or more times.</doc>
<status status="PASS" starttime="20210827 16:34:48.236" endtime="20210827 16:34:48.284"/>
</kw>
<kw name="Page Should Contain" library="SeleniumLibrary">
<arg>Senha é invalida!</arg>
<doc>Verifies that current page contains ``text``.</doc>
<msg timestamp="20210827 16:34:48.315" level="INFO">Current page contains text 'Senha é invalida!'.</msg>
<status status="PASS" starttime="20210827 16:34:48.296" endtime="20210827 16:34:48.315"/>
</kw>
<kw name="Encerra sessão" library="base" type="TEARDOWN">
<kw name="Capture Page Screenshot" library="SeleniumLibrary">
<doc>Takes a screenshot of the current page and embeds it into a log file.</doc>
<msg timestamp="20210827 16:34:48.973" level="INFO" html="true">&lt;/td&gt;&lt;/tr&gt;&lt;tr&gt;&lt;td colspan="3"&gt;&lt;a href="selenium-screenshot-34.png"&gt;&lt;img src="selenium-screenshot-34.png" width="800px"&gt;&lt;/a&gt;</msg>
<status status="PASS" starttime="20210827 16:34:48.336" endtime="20210827 16:34:48.975"/>
</kw>
<kw name="Close Browser" library="SeleniumLibrary">
<doc>Closes the current browser.</doc>
<status status="PASS" starttime="20210827 16:34:48.975" endtime="20210827 16:34:52.437"/>
</kw>
<status status="PASS" starttime="20210827 16:34:48.335" endtime="20210827 16:34:52.437"/>
</kw>
<tag>login_error</tag>
<status status="PASS" starttime="20210827 16:34:25.162" endtime="20210827 16:34:52.445"/>
</test>
<status status="PASS" starttime="20210827 16:33:58.394" endtime="20210827 16:34:52.454"/>
</suite>
<statistics>
<total>
<stat pass="2" fail="0" skip="0">All Tests</stat>
</total>
<tag>
<stat pass="1" fail="0" skip="0">login_error</stat>
</tag>
<suite>
<stat pass="2" fail="0" skip="0" id="s1" name="Login Form">Login Form</stat>
</suite>
</statistics>
<errors>
</errors>
</robot>
